index:345
[备份]文件复制	源地址:D:\World of Warcraft\_classic_\WTF\Account\QJF8155630\bindings-cache.old	目标地址:E:\WOW备份点\_classic_\WTF\Account@20200323195132\QJF8155630\bindings-cache.old
[复制]文件复制	源地址:D:\World of Warcraft\_classic_\WTF\Account\172603305#1\bindings-cache.old	目标地址:D:\World of Warcraft\_classic_\WTF\Account\QJF8155630\bindings-cache.old
[备份]文件复制	源地址:D:\World of Warcraft\_classic_\WTF\Account\QJF8155630\bindings-cache.wtf	目标地址:E:\WOW备份点\_classic_\WTF\Account@20200323195132\QJF8155630\bindings-cache.wtf
[复制]文件复制	源地址:D:\World of Warcraft\_classic_\WTF\Account\172603305#1\bindings-cache.wtf	目标地址:D:\World of Warcraft\_classic_\WTF\Account\QJF8155630\bindings-cache.wtf
[备份]文件复制	源地址:D:\World of Warcraft\_classic_\WTF\Account\QJF8155630\cache.md5	目标地址:E:\WOW备份点\_classic_\WTF\Account@20200323195132\QJF8155630\cache.md5
[复制]文件复制	源地址:D:\World of Warcraft\_classic_\WTF\Account\172603305#1\cache.md5	目标地址:D:\World of Warcraft\_classic_\WTF\Account\QJF8155630\cache.md5
[备份]文件复制	源地址:D:\World of Warcraft\_classic_\WTF\Account\QJF8155630\config-cache.old	目标地址:E:\WOW备份点\_classic_\WTF\Account@20200323195132\QJF8155630\config-cache.old
[复制]文件复制	源地址:D:\World of Warcraft\_classic_\WTF\Account\172603305#1\config-cache.old	目标地址:D:\World of Warcraft\_classic_\WTF\Account\QJF8155630\config-cache.old
[备份]文件复制	源地址:D:\World of Warcraft\_classic_\WTF\Account\QJF8155630\config-cache.wtf	目标地址:E:\WOW备份点\_classic_\WTF\Account@20200323195132\QJF8155630\config-cache.wtf
[复制]文件复制	源地址:D:\World of Warcraft\_classic_\WTF\Account\172603305#1\config-cache.wtf	目标地址:D:\World of Warcraft\_classic_\WTF\Account\QJF8155630\config-cache.wtf
[备份]文件复制	源地址:D:\World of Warcraft\_classic_\WTF\Account\QJF8155630\macros-cache.old	目标地址:E:\WOW备份点\_classic_\WTF\Account@20200323195132\QJF8155630\macros-cache.old
[复制]文件复制	源地址:D:\World of Warcraft\_classic_\WTF\Account\172603305#1\macros-cache.old	目标地址:D:\World of Warcraft\_classic_\WTF\Account\QJF8155630\macros-cache.old
[备份]文件复制	源地址:D:\World of Warcraft\_classic_\WTF\Account\QJF8155630\macros-cache.txt	目标地址:E:\WOW备份点\_classic_\WTF\Account@20200323195132\QJF8155630\macros-cache.txt
[复制]文件复制	源地址:D:\World of Warcraft\_classic_\WTF\Account\172603305#1\macros-cache.txt	目标地址:D:\World of Warcraft\_classic_\WTF\Account\QJF8155630\macros-cache.txt
[备份]文件复制	源地址:D:\World of Warcraft\_classic_\WTF\Account\QJF8155630\SavedVariables	目标地址:E:\WOW备份点\_classic_\WTF\Account@20200323195132\QJF8155630\SavedVariables
[复制]文件复制	源地址:D:\World of Warcraft\_classic_\WTF\Account\172603305#1\SavedVariables	目标地址:D:\World of Warcraft\_classic_\WTF\Account\QJF8155630\SavedVariables
[修改]文件修改	地址:D:\World of Warcraft\_classic_\WTF\Account\QJF8155630\SavedVariables\AtlasLootClassic.lua
[修改]文件修改	地址:D:\World of Warcraft\_classic_\WTF\Account\QJF8155630\SavedVariables\Plater.lua
[修改]文件修改	地址:D:\World of Warcraft\_classic_\WTF\Account\QJF8155630\SavedVariables\Postal.lua
[修改]文件修改	地址:D:\World of Warcraft\_classic_\WTF\Account\QJF8155630\SavedVariables\Quartz.lua
[修改]文件修改	地址:D:\World of Warcraft\_classic_\WTF\Account\QJF8155630\SavedVariables\QuestAnnounce.lua
[修改]文件修改	地址:D:\World of Warcraft\_classic_\WTF\Account\QJF8155630\SavedVariables\Questie.lua
[修改]文件修改	地址:D:\World of Warcraft\_classic_\WTF\Account\QJF8155630\SavedVariables\RangeDisplay.lua
[修改]文件修改	地址:D:\World of Warcraft\_classic_\WTF\Account\QJF8155630\SavedVariables\tdPack2.lua
[修改]文件修改	地址:D:\World of Warcraft\_classic_\WTF\Account\QJF8155630\SavedVariables\TellMeWhen.lua
[修改]文件修改	地址:D:\World of Warcraft\_classic_\WTF\Account\QJF8155630\SavedVariables\TellMeWhen_Options.lua
[修改]文件修改	地址:D:\World of Warcraft\_classic_\WTF\Account\QJF8155630\SavedVariables\TownsfolkTracker.lua
[备份]文件复制	源地址:D:\World of Warcraft\_classic_\WTF\Account\QJF8155630\无尽风暴\周四	目标地址:E:\WOW备份点\_classic_\WTF\Account@20200323195132\QJF8155630\无尽风暴\周四
